TN:
SF:/home/travis/build/zendeskgarden/react-containers/packages/accordion/src/AccordionContainer.ts
FN:17,(anonymous_1)
FNF:1
FNH:1
FNDA:59,(anonymous_1)
DA:8,1
DA:10,1
DA:17,1
DA:18,59
DA:20,59
DA:23,1
LF:6
LH:6
BRDA:18,0,0,59
BRF:1
BRH:1
end_of_record
TN:
SF:/home/travis/build/zendeskgarden/react-containers/packages/accordion/src/index.ts
FNF:0
FNH:0
DA:9,0
DA:10,0
DA:17,0
LF:3
LH:0
BRF:0
BRH:0
end_of_record
TN:
SF:/home/travis/build/zendeskgarden/react-containers/packages/accordion/src/useAccordion.ts
FN:51,useAccordion
FN:69,(anonymous_1)
FN:73,(anonymous_2)
FN:100,(anonymous_3)
FN:116,(anonymous_4)
FN:137,(anonymous_5)
FN:138,(anonymous_6)
FN:148,(anonymous_7)
FNF:8
FNH:8
FNDA:59,useAccordion
FNDA:18,(anonymous_1)
FNDA:54,(anonymous_2)
FNDA:158,(anonymous_3)
FNDA:158,(anonymous_4)
FNDA:14,(anonymous_5)
FNDA:6,(anonymous_6)
FNDA:158,(anonymous_7)
DA:8,1
DA:9,1
DA:10,1
DA:51,1
DA:58,59
DA:59,59
DA:60,59
DA:61,59
DA:62,59
DA:64,59
DA:66,59
DA:68,59
DA:69,59
DA:70,18
DA:71,18
DA:73,18
DA:74,54
DA:76,54
DA:77,18
DA:78,36
DA:79,24
DA:82,54
DA:83,20
DA:85,20
DA:86,12
DA:91,18
DA:92,1
DA:94,17
DA:97,18
DA:100,59
DA:101,158
DA:102,2
DA:107,156
DA:116,59
DA:122,158
DA:123,2
DA:128,156
DA:130,156
DA:137,14
DA:139,6
DA:140,4
DA:141,4
DA:148,59
DA:149,158
DA:150,2
DA:155,156
DA:164,59
LF:47
LH:47
BRDA:57,0,0,0
BRDA:55,1,0,12
BRDA:56,2,0,12
BRDA:59,3,0,59
BRDA:59,3,1,12
BRDA:62,4,0,59
BRDA:62,4,1,12
BRDA:64,5,0,59
BRDA:64,5,1,2
BRDA:66,6,0,44
BRDA:66,6,1,15
BRDA:76,7,0,18
BRDA:76,7,1,36
BRDA:77,8,0,9
BRDA:77,8,1,9
BRDA:78,9,0,24
BRDA:78,9,1,12
BRDA:82,10,0,20
BRDA:82,10,1,34
BRDA:85,11,0,12
BRDA:85,11,1,8
BRDA:91,12,0,1
BRDA:91,12,1,17
BRDA:100,13,0,2
BRDA:100,14,0,143
BRDA:101,15,0,2
BRDA:101,15,1,156
BRDA:121,16,0,2
BRDA:118,17,0,143
BRDA:119,18,0,143
BRDA:122,19,0,2
BRDA:122,19,1,156
BRDA:139,20,0,4
BRDA:139,20,1,2
BRDA:139,21,0,6
BRDA:139,21,1,4
BRDA:148,22,0,2
BRDA:148,23,0,143
BRDA:149,24,0,2
BRDA:149,24,1,156
BRF:40
BRH:39
end_of_record
TN:
SF:/home/travis/build/zendeskgarden/react-containers/packages/breadcrumb/src/BreadcrumbContainer.ts
FN:17,(anonymous_1)
FNF:1
FNH:1
FNDA:2,(anonymous_1)
DA:8,1
DA:10,1
DA:17,1
DA:21,2
DA:24,1
DA:29,1
LF:6
LH:6
BRDA:19,0,0,2
BRF:1
BRH:1
end_of_record
TN:
SF:/home/travis/build/zendeskgarden/react-containers/packages/breadcrumb/src/index.ts
FNF:0
FNH:0
DA:10,0
DA:13,0
LF:2
LH:0
BRF:0
BRH:0
end_of_record
TN:
SF:/home/travis/build/zendeskgarden/react-containers/packages/breadcrumb/src/useBreadcrumb.ts
FN:13,useBreadcrumb
FN:14,(anonymous_1)
FN:26,(anonymous_2)
FNF:3
FNH:3
FNDA:2,useBreadcrumb
FNDA:2,(anonymous_1)
FNDA:2,(anonymous_2)
DA:13,1
DA:14,2
DA:17,2
DA:26,2
DA:27,2
DA:33,2
LF:6
LH:6
BRDA:15,0,0,0
BRDA:15,1,0,2
BRDA:26,2,0,0
BRF:3
BRH:1
end_of_record
TN:
SF:/home/travis/build/zendeskgarden/react-containers/packages/buttongroup/src/ButtonGroupContainer.ts
FN:17,(anonymous_1)
FNF:1
FNH:1
FNDA:6,(anonymous_1)
DA:8,1
DA:10,1
DA:17,1
DA:22,6
DA:25,1
LF:5
LH:5
BRDA:19,0,0,6
BRF:1
BRH:1
end_of_record
TN:
SF:/home/travis/build/zendeskgarden/react-containers/packages/buttongroup/src/index.ts
FNF:0
FNH:0
DA:9,0
DA:10,0
DA:17,0
LF:3
LH:0
BRF:0
BRH:0
end_of_record
TN:
SF:/home/travis/build/zendeskgarden/react-containers/packages/buttongroup/src/useButtonGroup.ts
FN:29,useButtonGroup
FN:36,(anonymous_1)
FN:45,(anonymous_2)
FN:56,(anonymous_3)
FN:57,(anonymous_4)
FNF:5
FNH:5
FNDA:6,useButtonGroup
FNDA:6,(anonymous_1)
FNDA:18,(anonymous_2)
FNDA:6,(anonymous_3)
FNDA:18,(anonymous_4)
DA:8,1
DA:29,1
DA:32,6
DA:36,6
DA:37,6
DA:45,6
DA:46,18
DA:53,6
DA:56,6
DA:57,18
LF:10
LH:10
BRDA:36,0,0,0
BRDA:36,1,0,6
BRDA:45,2,0,0
BRDA:45,3,0,18
BRDA:45,4,0,18
BRF:5
BRH:3
end_of_record
TN:
SF:/home/travis/build/zendeskgarden/react-containers/packages/field/src/FieldContainer.ts
FN:18,(anonymous_1)
FNF:1
FNH:1
FNDA:4,(anonymous_1)
DA:8,1
DA:10,1
DA:18,1
DA:23,4
DA:26,1
LF:5
LH:5
BRDA:20,0,0,4
BRF:1
BRH:1
end_of_record
TN:
SF:/home/travis/build/zendeskgarden/react-containers/packages/field/src/index.ts
FNF:0
FNH:0
DA:9,0
DA:12,0
LF:2
LH:0
BRF:0
BRH:0
end_of_record
TN:
SF:/home/travis/build/zendeskgarden/react-containers/packages/field/src/useField.ts
FN:20,useField
FN:27,(anonymous_1)
FN:37,(anonymous_2)
FN:46,(anonymous_3)
FNF:4
FNH:4
FNDA:4,useField
FNDA:3,(anonymous_1)
FNDA:4,(anonymous_2)
FNDA:3,(anonymous_3)
DA:8,1
DA:9,1
DA:20,1
DA:21,4
DA:22,4
DA:23,4
DA:24,4
DA:25,4
DA:27,4
DA:28,3
DA:37,4
DA:38,4
DA:46,4
DA:47,3
DA:53,4
LF:15
LH:15
BRDA:22,0,0,4
BRDA:22,0,1,0
BRDA:27,1,0,0
BRDA:27,2,0,3
BRDA:27,3,0,3
BRDA:37,4,0,0
BRDA:37,5,0,4
BRDA:37,6,0,3
BRDA:37,7,0,3
BRDA:41,8,0,1
BRDA:41,8,1,3
BRDA:46,9,0,0
BRDA:46,10,0,3
BRF:13
BRH:9
end_of_record
TN:
SF:/home/travis/build/zendeskgarden/react-containers/packages/focusjail/src/FocusJailContainer.ts
FN:17,(anonymous_1)
FNF:1
FNH:1
FNDA:19,(anonymous_1)
DA:8,2
DA:10,2
DA:17,2
DA:22,19
DA:25,2
LF:5
LH:5
BRDA:19,0,0,19
BRF:1
BRH:1
end_of_record
TN:
SF:/home/travis/build/zendeskgarden/react-containers/packages/focusjail/src/index.ts
FNF:0
FNH:0
DA:9,1
DA:12,1
LF:2
LH:2
BRF:0
BRH:0
end_of_record
TN:
SF:/home/travis/build/zendeskgarden/react-containers/packages/focusjail/src/useFocusJail.ts
FN:25,(anonymous_1)
FN:36,(anonymous_2)
FN:43,(anonymous_3)
FN:55,(anonymous_4)
FN:63,(anonymous_5)
FN:71,(anonymous_6)
FN:80,(anonymous_7)
FN:82,(anonymous_8)
FN:109,(anonymous_9)
FNF:9
FNH:9
FNDA:39,(anonymous_1)
FNDA:37,(anonymous_2)
FNDA:38,(anonymous_3)
FNDA:4,(anonymous_4)
FNDA:6,(anonymous_5)
FNDA:3,(anonymous_6)
FNDA:37,(anonymous_7)
FNDA:7,(anonymous_8)
FNDA:37,(anonymous_9)
DA:8,2
DA:9,2
DA:10,2
DA:11,2
DA:25,2
DA:33,39
DA:36,37
DA:37,37
DA:38,18
DA:42,37
DA:46,38
DA:47,17
DA:49,21
DA:55,37
DA:56,4
DA:57,1
DA:63,37
DA:64,6
DA:65,6
DA:66,6
DA:68,6
DA:71,37
DA:72,3
DA:74,3
DA:80,37
DA:81,37
DA:83,7
DA:84,3
DA:86,4
DA:88,3
DA:90,3
DA:94,1
DA:95,1
DA:98,3
DA:99,2
DA:100,2
DA:109,37
DA:110,37
DA:111,35
DA:115,37
LF:40
LH:40
BRDA:26,0,0,0
BRDA:26,1,0,37
BRDA:37,2,0,18
BRDA:37,2,1,19
BRDA:46,3,0,17
BRDA:46,3,1,21
BRDA:49,4,0,21
BRDA:49,4,1,10
BRDA:56,5,0,1
BRDA:56,5,1,3
BRDA:64,6,0,0
BRDA:64,6,1,6
BRDA:68,7,0,0
BRDA:68,7,1,6
BRDA:75,8,0,3
BRDA:75,8,1,3
BRDA:76,9,0,3
BRDA:76,9,1,3
BRDA:80,10,0,0
BRDA:83,11,0,3
BRDA:83,11,1,4
BRDA:90,12,0,1
BRDA:90,12,1,2
BRDA:91,13,0,3
BRDA:91,13,1,1
BRDA:91,13,2,0
BRDA:98,14,0,2
BRDA:98,14,1,1
BRDA:98,15,0,3
BRDA:98,15,1,2
BRDA:110,16,0,35
BRDA:110,16,1,2
BRF:32
BRH:27
end_of_record
TN:
SF:/home/travis/build/zendeskgarden/react-containers/packages/focusvisible/src/FocusVisibleContainer.ts
FN:18,(anonymous_1)
FNF:1
FNH:1
FNDA:14,(anonymous_1)
DA:8,1
DA:9,1
DA:11,1
DA:18,1
DA:23,14
DA:25,14
DA:27,14
DA:30,1
LF:8
LH:8
BRDA:20,0,0,14
BRF:1
BRH:1
end_of_record
TN:
SF:/home/travis/build/zendeskgarden/react-containers/packages/focusvisible/src/index.ts
FNF:0
FNH:0
DA:9,1
DA:12,1
LF:2
LH:2
BRF:0
BRH:0
end_of_record
TN:
SF:/home/travis/build/zendeskgarden/react-containers/packages/focusvisible/src/useFocusVisible.ts
FN:38,useFocusVisible
FN:54,(anonymous_1)
FN:59,(anonymous_2)
FN:79,(anonymous_3)
FN:107,(anonymous_4)
FN:119,(anonymous_5)
FN:131,(anonymous_6)
FN:143,(anonymous_7)
FN:162,(anonymous_8)
FN:173,(anonymous_9)
FN:187,(anonymous_10)
FN:202,(anonymous_11)
FN:220,(anonymous_12)
FN:238,(anonymous_13)
FN:250,(anonymous_14)
FN:306,(anonymous_15)
FNF:16
FNH:16
FNDA:16,useFocusVisible
FNDA:14,(anonymous_1)
FNDA:61,(anonymous_2)
FNDA:10,(anonymous_3)
FNDA:15,(anonymous_4)
FNDA:13,(anonymous_5)
FNDA:1,(anonymous_6)
FNDA:47,(anonymous_7)
FNDA:3,(anonymous_8)
FNDA:17,(anonymous_9)
FNDA:3,(anonymous_10)
FNDA:1,(anonymous_11)
FNDA:2,(anonymous_12)
FNDA:14,(anonymous_13)
FNDA:15,(anonymous_14)
FNDA:14,(anonymous_15)
DA:13,1
DA:15,1
DA:38,1
DA:46,16
DA:47,2
DA:50,14
DA:51,14
DA:52,14
DA:54,14
DA:59,14
DA:60,61
DA:68,23
DA:71,38
DA:79,14
DA:80,10
DA:81,10
DA:83,10
DA:88,1
DA:91,9
DA:92,1
DA:97,8
DA:101,8
DA:107,14
DA:108,15
DA:109,6
DA:112,9
DA:119,14
DA:120,13
DA:121,5
DA:124,8
DA:125,8
DA:131,14
DA:132,1
DA:133,1
DA:143,14
DA:144,47
DA:145,6
DA:148,41
DA:149,5
DA:152,41
DA:162,14
DA:163,3
DA:173,14
DA:175,17
DA:176,1
DA:179,16
DA:180,8
DA:187,14
DA:188,3
DA:189,1
DA:192,2
DA:198,1
DA:200,1
DA:202,1
DA:203,1
DA:204,1
DA:207,1
DA:209,1
DA:220,14
DA:221,2
DA:223,2
DA:224,1
DA:227,1
DA:229,1
DA:238,14
DA:239,14
DA:240,14
DA:241,14
DA:242,14
DA:243,14
DA:244,14
DA:245,14
DA:246,14
DA:247,14
DA:250,14
DA:251,15
DA:252,15
DA:253,15
DA:254,15
DA:255,15
DA:256,15
DA:257,15
DA:258,15
DA:259,15
DA:276,14
DA:278,14
DA:279,0
DA:288,14
DA:289,14
DA:290,14
DA:291,14
DA:292,14
DA:294,14
DA:302,14
DA:303,14
DA:306,14
DA:307,14
DA:308,14
DA:309,14
DA:310,14
DA:311,14
DA:313,14
DA:315,14
DA:316,14
DA:318,14
LF:105
LH:104
BRDA:44,0,0,2
BRDA:41,1,0,16
BRDA:42,2,0,16
BRDA:43,3,0,16
BRDA:46,4,0,2
BRDA:46,4,1,14
BRDA:60,5,0,23
BRDA:60,5,1,38
BRDA:61,6,0,61
BRDA:61,6,1,61
BRDA:61,6,2,59
BRDA:61,6,3,59
BRDA:61,6,4,23
BRDA:61,6,5,23
BRDA:83,7,0,1
BRDA:83,7,1,9
BRDA:84,8,0,10
BRDA:84,8,1,2
BRDA:84,8,2,1
BRDA:91,9,0,1
BRDA:91,9,1,8
BRDA:91,10,0,9
BRDA:91,10,1,2
BRDA:97,11,0,8
BRDA:108,12,0,6
BRDA:108,12,1,9
BRDA:108,13,0,15
BRDA:108,13,1,15
BRDA:108,13,2,9
BRDA:120,14,0,5
BRDA:120,14,1,8
BRDA:144,15,0,6
BRDA:144,15,1,41
BRDA:144,16,0,47
BRDA:144,16,1,45
BRDA:144,16,2,43
BRDA:148,17,0,5
BRDA:148,17,1,36
BRDA:175,18,0,1
BRDA:175,18,1,16
BRDA:179,19,0,8
BRDA:179,19,1,8
BRDA:179,20,0,16
BRDA:179,20,1,10
BRDA:188,21,0,1
BRDA:188,21,1,2
BRDA:192,22,0,1
BRDA:192,22,1,1
BRDA:223,23,0,1
BRDA:223,23,1,1
BRDA:223,24,0,2
BRDA:223,24,1,2
BRDA:278,25,0,0
BRDA:278,25,1,14
BRDA:278,26,0,14
BRDA:278,26,1,14
BRDA:302,27,0,14
BRDA:302,27,1,14
BRDA:303,28,0,14
BRDA:303,28,1,14
BRDA:315,29,0,14
BRDA:315,29,1,14
BRDA:316,30,0,14
BRDA:316,30,1,14
BRF:64
BRH:63
end_of_record
TN:
SF:/home/travis/build/zendeskgarden/react-containers/packages/keyboardfocus/src/KeyboardFocusContainer.ts
FN:17,(anonymous_1)
FNF:1
FNH:1
FNDA:11,(anonymous_1)
DA:8,1
DA:10,1
DA:17,1
DA:21,11
DA:24,1
LF:5
LH:5
BRDA:19,0,0,11
BRF:1
BRH:1
end_of_record
TN:
SF:/home/travis/build/zendeskgarden/react-containers/packages/keyboardfocus/src/index.ts
FNF:0
FNH:0
DA:9,0
DA:12,0
LF:2
LH:0
BRF:0
BRH:0
end_of_record
TN:
SF:/home/travis/build/zendeskgarden/react-containers/packages/keyboardfocus/src/useKeyboardFocus.ts
FN:17,useKeyboardFocus
FN:22,(anonymous_1)
FN:23,(anonymous_2)
FN:28,(anonymous_3)
FN:35,(anonymous_4)
FN:42,(anonymous_5)
FN:48,(anonymous_6)
FN:52,(anonymous_7)
FNF:8
FNH:8
FNDA:11,useKeyboardFocus
FNDA:7,(anonymous_1)
FNDA:7,(anonymous_2)
FNDA:3,(anonymous_3)
FNDA:3,(anonymous_4)
FNDA:3,(anonymous_5)
FNDA:1,(anonymous_6)
FNDA:11,(anonymous_7)
DA:8,1
DA:10,1
DA:17,1
DA:18,11
DA:19,11
DA:20,11
DA:22,11
DA:23,7
DA:24,7
DA:28,11
DA:29,3
DA:35,3
DA:36,3
DA:39,3
DA:42,11
DA:43,3
DA:44,3
DA:48,11
DA:49,1
DA:52,11
DA:63,11
DA:76,11
LF:22
LH:22
BRDA:43,0,0,3
BRDA:43,0,1,0
BRDA:61,1,0,0
BRDA:54,2,0,11
BRF:4
BRH:2
end_of_record
TN:
SF:/home/travis/build/zendeskgarden/react-containers/packages/modal/src/ModalContainer.ts
FN:17,(anonymous_1)
FNF:1
FNH:1
FNDA:20,(anonymous_1)
DA:8,1
DA:10,1
DA:17,1
DA:22,20
DA:25,1
LF:5
LH:5
BRDA:19,0,0,20
BRF:1
BRH:1
end_of_record
TN:
SF:/home/travis/build/zendeskgarden/react-containers/packages/modal/src/index.ts
FNF:0
FNH:0
DA:9,0
DA:12,0
LF:2
LH:0
BRF:0
BRH:0
end_of_record
TN:
SF:/home/travis/build/zendeskgarden/react-containers/packages/modal/src/useModal.ts
FN:30,useModal
FN:38,(anonymous_1)
FN:42,(anonymous_2)
FN:44,(anonymous_3)
FN:53,(anonymous_4)
FN:60,(anonymous_5)
FN:67,(anonymous_6)
FN:76,(anonymous_7)
FN:83,(anonymous_8)
FN:90,(anonymous_9)
FN:93,(anonymous_10)
FN:104,(anonymous_11)
FNF:12
FNH:12
FNDA:20,useModal
FNDA:4,(anonymous_1)
FNDA:20,(anonymous_2)
FNDA:1,(anonymous_3)
FNDA:20,(anonymous_4)
FNDA:3,(anonymous_5)
FNDA:2,(anonymous_6)
FNDA:20,(anonymous_7)
FNDA:20,(anonymous_8)
FNDA:20,(anonymous_9)
FNDA:1,(anonymous_10)
FNDA:20,(anonymous_11)
DA:8,1
DA:9,1
DA:10,1
DA:11,1
DA:30,1
DA:33,20
DA:34,20
DA:35,20
DA:36,20
DA:38,20
DA:39,4
DA:42,20
DA:43,20
DA:45,1
DA:53,20
DA:54,20
DA:65,3
DA:68,2
DA:69,1
DA:76,20
DA:77,20
DA:83,20
DA:84,20
DA:90,20
DA:91,20
DA:94,1
DA:100,20
DA:102,20
DA:104,20
LF:29
LH:29
BRDA:31,0,0,0
BRDA:34,1,0,20
BRDA:34,1,1,0
BRDA:39,2,0,4
BRDA:39,2,1,4
BRDA:42,3,0,0
BRDA:53,4,0,0
BRDA:53,5,0,20
BRDA:68,6,0,1
BRDA:68,6,1,1
BRDA:76,7,0,0
BRDA:76,8,0,20
BRDA:83,9,0,0
BRDA:83,10,0,20
BRDA:90,11,0,0
BRF:15
BRH:8
end_of_record
TN:
SF:/home/travis/build/zendeskgarden/react-containers/packages/pagination/src/PaginationContainer.ts
FN:17,(anonymous_1)
FNF:1
FNH:1
FNDA:21,(anonymous_1)
DA:8,1
DA:10,1
DA:17,1
DA:22,21
DA:25,1
LF:5
LH:5
BRDA:19,0,0,21
BRF:1
BRH:1
end_of_record
TN:
SF:/home/travis/build/zendeskgarden/react-containers/packages/pagination/src/index.ts
FNF:0
FNH:0
DA:9,0
DA:10,0
DA:18,0
LF:3
LH:0
BRF:0
BRH:0
end_of_record
TN:
SF:/home/travis/build/zendeskgarden/react-containers/packages/pagination/src/usePagination.ts
FN:36,usePagination
FN:46,(anonymous_1)
FN:54,(anonymous_2)
FN:61,(anonymous_3)
FN:68,(anonymous_4)
FN:85,(anonymous_5)
FN:86,(anonymous_6)
FN:87,(anonymous_7)
FN:89,(anonymous_8)
FNF:9
FNH:9
FNDA:21,usePagination
FNDA:1,(anonymous_1)
FNDA:7,(anonymous_2)
FNDA:7,(anonymous_3)
FNDA:13,(anonymous_4)
FNDA:1,(anonymous_5)
FNDA:13,(anonymous_6)
FNDA:7,(anonymous_7)
FNDA:7,(anonymous_8)
DA:8,1
DA:36,1
DA:44,21
DA:46,21
DA:47,1
DA:54,21
DA:55,7
DA:61,21
DA:62,7
DA:68,21
DA:69,13
DA:71,13
DA:72,2
DA:75,13
DA:82,21
DA:85,1
DA:86,13
DA:88,7
DA:89,7
LF:19
LH:19
BRDA:46,0,0,0
BRDA:54,1,0,0
BRDA:56,2,0,7
BRDA:56,2,1,6
BRDA:61,3,0,0
BRDA:63,4,0,7
BRDA:63,4,1,6
BRDA:68,5,0,0
BRDA:71,6,0,2
BRDA:71,6,1,11
BRDA:71,7,0,13
BRDA:71,7,1,2
BRDA:76,8,0,13
BRDA:76,8,1,12
BRF:14
BRH:10
end_of_record
TN:
SF:/home/travis/build/zendeskgarden/react-containers/packages/schedule/src/ScheduleContainer.ts
FN:17,(anonymous_1)
FNF:1
FNH:1
FNDA:15,(anonymous_1)
DA:8,1
DA:10,1
DA:17,1
DA:22,15
DA:25,1
LF:5
LH:5
BRDA:19,0,0,15
BRF:1
BRH:1
end_of_record
TN:
SF:/home/travis/build/zendeskgarden/react-containers/packages/schedule/src/index.ts
FNF:0
FNH:0
DA:8,0
DA:9,0
LF:2
LH:0
BRF:0
BRH:0
end_of_record
TN:
SF:/home/travis/build/zendeskgarden/react-containers/packages/schedule/src/useSchedule.ts
FN:22,(anonymous_0)
FN:30,(anonymous_1)
FN:35,(anonymous_2)
FN:40,(anonymous_3)
FN:45,(anonymous_4)
FN:46,(anonymous_5)
FN:60,(anonymous_6)
FNF:7
FNH:7
FNDA:15,(anonymous_0)
FNDA:9,(anonymous_1)
FNDA:73,(anonymous_2)
FNDA:65,(anonymous_3)
FNDA:8,(anonymous_4)
FNDA:3,(anonymous_5)
FNDA:9,(anonymous_6)
DA:8,1
DA:22,1
DA:27,15
DA:28,15
DA:30,15
DA:35,9
DA:37,73
DA:40,9
DA:41,65
DA:42,65
DA:45,9
DA:46,8
DA:47,3
DA:48,3
DA:49,3
DA:53,8
DA:54,8
DA:55,8
DA:58,9
DA:60,9
DA:61,9
DA:62,9
DA:63,9
DA:67,15
LF:24
LH:24
BRDA:26,0,0,0
BRDA:23,1,0,13
BRDA:24,2,0,14
BRDA:25,3,0,13
BRDA:49,4,0,2
BRDA:49,4,1,1
BRF:6
BRH:5
end_of_record
TN:
SF:/home/travis/build/zendeskgarden/react-containers/packages/selection/src/SelectionContainer.ts
FN:18,(anonymous_1)
FNF:1
FNH:1
FNDA:121,(anonymous_1)
DA:9,4
DA:11,4
DA:18,4
DA:23,121
DA:26,4
LF:5
LH:5
BRDA:20,0,0,121
BRF:1
BRH:1
end_of_record
TN:
SF:/home/travis/build/zendeskgarden/react-containers/packages/selection/src/index.ts
FNF:0
FNH:0
DA:9,3
DA:10,3
DA:18,3
LF:3
LH:3
BRF:0
BRH:0
end_of_record
TN:
SF:/home/travis/build/zendeskgarden/react-containers/packages/selection/src/useSelection.ts
FN:76,stateReducer
FN:200,useSelection
FN:221,(anonymous_2)
FN:229,(anonymous_3)
FN:239,(anonymous_4)
FN:247,(anonymous_5)
FN:294,(anonymous_6)
FN:297,(anonymous_7)
FN:302,(anonymous_8)
FN:305,(anonymous_9)
FNF:10
FNH:10
FNDA:93,stateReducer
FNDA:172,useSelection
FNDA:89,(anonymous_2)
FNDA:59,(anonymous_3)
FNDA:141,(anonymous_4)
FNDA:452,(anonymous_5)
FNDA:44,(anonymous_6)
FNDA:9,(anonymous_7)
FNDA:21,(anonymous_8)
FNDA:22,(anonymous_9)
DA:8,4
DA:9,4
DA:77,93
DA:79,44
DA:80,1
DA:81,1
DA:84,1
DA:87,43
DA:90,7
DA:91,7
DA:93,7
DA:96,7
DA:98,7
DA:99,0
DA:101,0
DA:104,7
DA:107,7
DA:108,7
DA:110,7
DA:114,7
DA:116,7
DA:117,0
DA:119,0
DA:122,7
DA:125,1
DA:126,0
DA:128,0
DA:131,1
DA:134,1
DA:135,0
DA:137,0
DA:140,1
DA:143,21
DA:144,21
DA:146,21
DA:147,2
DA:148,2
DA:151,21
DA:152,0
DA:153,0
DA:156,21
DA:157,0
DA:160,21
DA:162,21
DA:163,19
DA:166,21
DA:167,21
DA:170,21
DA:173,11
DA:174,1
DA:176,1
DA:179,10
DA:182,1
DA:183,0
DA:185,0
DA:188,1
DA:191,0
DA:200,4
DA:210,172
DA:211,172
DA:213,172
DA:218,172
DA:219,172
DA:221,172
DA:222,89
DA:223,29
DA:225,29
DA:229,172
DA:230,59
DA:231,9
DA:239,172
DA:240,141
DA:247,172
DA:261,452
DA:262,8
DA:267,444
DA:268,8
DA:273,436
DA:274,436
DA:276,436
DA:278,436
DA:280,436
DA:286,436
DA:287,436
DA:289,436
DA:295,44
DA:298,9
DA:299,1
DA:303,21
DA:306,22
DA:310,7
DA:311,2
DA:313,5
DA:316,7
DA:317,15
DA:321,7
DA:322,2
DA:324,5
DA:327,7
DA:328,8
DA:329,1
DA:330,1
DA:331,7
DA:332,1
DA:333,1
DA:334,6
DA:335,2
DA:340,2
DA:347,172
LF:109
LH:95
BRDA:78,0,0,44
BRDA:78,0,1,7
BRDA:78,0,2,7
BRDA:78,0,3,1
BRDA:78,0,4,1
BRDA:78,0,5,21
BRDA:78,0,6,11
BRDA:78,0,7,1
BRDA:78,0,8,0
BRDA:79,1,0,1
BRDA:79,1,1,43
BRDA:80,2,0,1
BRDA:80,2,1,0
BRDA:94,3,0,4
BRDA:94,3,1,3
BRDA:98,4,0,0
BRDA:98,4,1,7
BRDA:111,5,0,3
BRDA:111,5,1,4
BRDA:116,6,0,0
BRDA:116,6,1,7
BRDA:125,7,0,0
BRDA:125,7,1,1
BRDA:134,8,0,0
BRDA:134,8,1,1
BRDA:146,9,0,2
BRDA:146,9,1,19
BRDA:151,10,0,0
BRDA:151,10,1,21
BRDA:156,11,0,0
BRDA:156,11,1,21
BRDA:156,12,0,21
BRDA:156,12,1,0
BRDA:162,13,0,19
BRDA:162,13,1,2
BRDA:166,14,0,21
BRDA:166,14,1,0
BRDA:173,15,0,1
BRDA:173,15,1,10
BRDA:182,16,0,0
BRDA:182,16,1,1
BRDA:209,17,0,0
BRDA:201,18,0,120
BRDA:202,19,0,171
BRDA:222,20,0,29
BRDA:222,20,1,60
BRDA:225,21,0,29
BRDA:225,21,1,29
BRDA:230,22,0,9
BRDA:230,22,1,50
BRDA:230,23,0,59
BRDA:230,23,1,59
BRDA:239,24,0,0
BRDA:239,25,0,117
BRDA:258,26,0,2
BRDA:249,27,0,431
BRDA:250,28,0,380
BRDA:256,29,0,452
BRDA:259,30,0,353
BRDA:261,31,0,8
BRDA:261,31,1,444
BRDA:267,32,0,8
BRDA:267,32,1,436
BRDA:278,33,0,253
BRDA:278,33,1,183
BRDA:284,34,0,150
BRDA:284,34,1,286
BRDA:280,35,0,436
BRDA:280,35,1,348
BRDA:280,35,2,264
BRDA:280,35,3,174
BRDA:286,36,0,436
BRDA:286,36,1,352
BRDA:287,37,0,436
BRDA:287,37,1,84
BRDA:298,38,0,1
BRDA:298,38,1,8
BRDA:306,39,0,7
BRDA:306,39,1,15
BRDA:307,40,0,22
BRDA:307,40,1,4
BRDA:307,40,2,19
BRDA:307,40,3,5
BRDA:310,41,0,2
BRDA:310,41,1,5
BRDA:310,42,0,7
BRDA:310,42,1,3
BRDA:317,43,0,7
BRDA:317,43,1,8
BRDA:318,44,0,15
BRDA:318,44,1,4
BRDA:318,44,2,12
BRDA:318,44,3,5
BRDA:321,45,0,2
BRDA:321,45,1,5
BRDA:321,46,0,7
BRDA:321,46,1,3
BRDA:328,47,0,1
BRDA:328,47,1,7
BRDA:331,48,0,1
BRDA:331,48,1,6
BRDA:334,49,0,2
BRDA:334,49,1,4
BRDA:334,50,0,6
BRDA:334,50,1,5
BRF:105
BRH:92
end_of_record
TN:
SF:/home/travis/build/zendeskgarden/react-containers/packages/tabs/src/TabsContainer.ts
FN:17,(anonymous_1)
FNF:1
FNH:1
FNDA:24,(anonymous_1)
DA:8,1
DA:10,1
DA:17,1
DA:22,24
DA:25,1
LF:5
LH:5
BRDA:19,0,0,24
BRF:1
BRH:1
end_of_record
TN:
SF:/home/travis/build/zendeskgarden/react-containers/packages/tabs/src/index.ts
FNF:0
FNH:0
DA:9,0
DA:12,0
LF:2
LH:0
BRF:0
BRH:0
end_of_record
TN:
SF:/home/travis/build/zendeskgarden/react-containers/packages/tabs/src/useTabs.ts
FN:37,requiredArguments
FN:45,useTabs
FN:60,(anonymous_2)
FN:70,(anonymous_3)
FN:81,(anonymous_4)
FN:103,(anonymous_5)
FN:104,(anonymous_6)
FNF:7
FNH:7
FNDA:170,requiredArguments
FNDA:24,useTabs
FNDA:18,(anonymous_2)
FNDA:56,(anonymous_3)
FNDA:58,(anonymous_4)
FNDA:18,(anonymous_5)
FNDA:56,(anonymous_6)
DA:8,1
DA:9,1
DA:10,1
DA:38,170
DA:39,6
DA:45,1
DA:50,24
DA:55,24
DA:56,24
DA:57,24
DA:58,24
DA:60,24
DA:61,18
DA:70,24
DA:71,56
DA:73,54
DA:81,24
DA:84,58
DA:85,56
DA:87,54
DA:89,54
DA:99,24
DA:103,18
DA:104,56
LF:24
LH:24
BRDA:38,0,0,6
BRDA:38,0,1,164
BRDA:38,1,0,170
BRDA:38,1,1,164
BRDA:49,2,0,0
BRDA:51,3,0,0
BRDA:51,3,1,24
BRDA:56,4,0,24
BRDA:56,4,1,6
BRDA:60,5,0,0
BRDA:60,6,0,18
BRDA:63,7,0,0
BRDA:63,7,1,18
BRDA:70,8,0,2
BRDA:70,9,0,56
BRDA:82,10,0,2
BRDA:82,11,0,58
BRF:17
BRH:13
end_of_record
TN:
SF:/home/travis/build/zendeskgarden/react-containers/packages/tooltip/src/TooltipContainer.ts
FN:17,(anonymous_1)
FNF:1
FNH:1
FNDA:27,(anonymous_1)
DA:8,1
DA:10,1
DA:17,1
DA:22,27
DA:25,1
LF:5
LH:5
BRDA:19,0,0,27
BRF:1
BRH:1
end_of_record
TN:
SF:/home/travis/build/zendeskgarden/react-containers/packages/tooltip/src/index.ts
FNF:0
FNH:0
DA:9,0
DA:12,0
LF:2
LH:0
BRF:0
BRH:0
end_of_record
TN:
SF:/home/travis/build/zendeskgarden/react-containers/packages/tooltip/src/useTooltip.ts
FN:26,(anonymous_0)
FN:39,(anonymous_1)
FN:42,(anonymous_2)
FN:51,(anonymous_3)
FN:54,(anonymous_4)
FN:66,(anonymous_5)
FN:69,(anonymous_6)
FN:75,(anonymous_7)
FN:76,(anonymous_8)
FN:82,(anonymous_9)
FN:87,(anonymous_10)
FN:88,(anonymous_11)
FN:89,(anonymous_12)
FN:91,(anonymous_13)
FN:92,(anonymous_14)
FN:104,(anonymous_15)
FN:109,(anonymous_16)
FN:110,(anonymous_17)
FNF:18
FNH:16
FNDA:27,(anonymous_0)
FNDA:14,(anonymous_1)
FNDA:8,(anonymous_2)
FNDA:6,(anonymous_3)
FNDA:5,(anonymous_4)
FNDA:15,(anonymous_5)
FNDA:15,(anonymous_6)
FNDA:15,(anonymous_7)
FNDA:15,(anonymous_8)
FNDA:27,(anonymous_9)
FNDA:9,(anonymous_10)
FNDA:4,(anonymous_11)
FNDA:5,(anonymous_12)
FNDA:1,(anonymous_13)
FNDA:2,(anonymous_14)
FNDA:27,(anonymous_15)
FNDA:0,(anonymous_16)
FNDA:0,(anonymous_17)
DA:8,1
DA:9,1
DA:10,1
DA:26,1
DA:31,27
DA:32,27
DA:33,27
DA:34,27
DA:39,27
DA:40,14
DA:42,14
DA:43,8
DA:44,8
DA:48,14
DA:51,27
DA:52,6
DA:54,6
DA:55,5
DA:56,4
DA:60,6
DA:66,27
DA:67,15
DA:69,15
DA:70,15
DA:75,27
DA:76,15
DA:77,15
DA:78,15
DA:82,27
DA:85,27
DA:87,9
DA:88,4
DA:89,5
DA:91,1
DA:93,2
DA:94,1
DA:104,27
DA:107,27
DA:109,0
DA:110,0
DA:117,27
LF:41
LH:39
BRDA:30,0,0,0
BRDA:27,1,0,27
BRDA:33,2,0,27
BRDA:33,2,1,0
BRDA:39,3,0,14
BRDA:43,4,0,8
BRDA:43,4,1,0
BRDA:51,5,0,4
BRDA:55,6,0,4
BRDA:55,6,1,1
BRDA:83,7,0,0
BRDA:83,8,0,27
BRDA:93,9,0,1
BRDA:93,9,1,1
BRDA:93,10,0,2
BRDA:93,10,1,1
BRDA:105,11,0,0
BRDA:105,12,0,27
BRF:18
BRH:13
end_of_record
TN:
SF:/home/travis/build/zendeskgarden/react-containers/packages/utilities/src/index.ts
FNF:0
FNH:0
DA:8,9
DA:9,9
DA:10,9
DA:11,9
DA:12,9
LF:5
LH:5
BRF:0
BRH:0
end_of_record
TN:
SF:/home/travis/build/zendeskgarden/react-containers/packages/utilities/src/utils/IdManager.ts
FN:15,generateId
FN:23,setIdCounter
FNF:2
FNH:2
FNDA:3,generateId
FNDA:4,setIdCounter
DA:8,10
DA:15,10
DA:16,3
DA:23,10
DA:24,4
LF:5
LH:5
BRDA:15,0,0,2
BRF:1
BRH:1
end_of_record
TN:
SF:/home/travis/build/zendeskgarden/react-containers/packages/utilities/src/utils/KEY_CODES.ts
FNF:0
FNH:0
DA:14,9
LF:1
LH:1
BRF:0
BRH:0
end_of_record
TN:
SF:/home/travis/build/zendeskgarden/react-containers/packages/utilities/src/utils/composeEventHandlers.ts
FN:24,composeEventHandlers
FN:25,(anonymous_1)
FN:26,(anonymous_2)
FNF:3
FNH:3
FNDA:1983,composeEventHandlers
FNDA:151,(anonymous_1)
FNDA:301,(anonymous_2)
DA:24,10
DA:25,1983
DA:26,151
DA:27,301
DA:29,300
LF:5
LH:5
BRDA:27,0,0,301
BRDA:27,0,1,154
BRDA:29,1,0,300
BRDA:29,1,1,300
BRF:4
BRH:4
end_of_record
TN:
SF:/home/travis/build/zendeskgarden/react-containers/packages/utilities/src/utils/getControlledValue.ts
FN:11,getControlledValue
FNF:1
FNH:1
FNDA:433,getControlledValue
DA:11,10
DA:12,433
DA:13,864
DA:14,178
DA:18,255
LF:5
LH:5
BRDA:13,0,0,178
BRDA:13,0,1,686
BRF:2
BRH:2
end_of_record
TN:
SF:/home/travis/build/zendeskgarden/react-containers/packages/utilities/src/utils/useCombinedRefs.ts
FN:16,useCombinedRefs
FN:19,(anonymous_1)
FN:20,(anonymous_2)
FNF:3
FNH:3
FNDA:3,useCombinedRefs
FNDA:3,(anonymous_1)
FNDA:3,(anonymous_2)
DA:8,10
DA:16,10
DA:17,3
DA:19,3
DA:20,3
DA:21,3
DA:23,2
DA:24,1
DA:26,1
DA:36,3
LF:10
LH:10
BRDA:21,0,0,1
BRDA:21,0,1,2
BRDA:23,1,0,1
BRDA:23,1,1,1
BRF:4
BRH:4
end_of_record
